Loss	
 8.2156e+00	
 8.1623e+00	
 8.0817e+00	
 7.9358e+00	
 7.7584e+00	
 7.5012e+00	
 7.1160e+00	
 6.7015e+00	
 6.2861e+00	
 5.9182e+00	
 5.7787e+00	
 5.5862e+00	
 5.4914e+00	
 5.3045e+00	
 5.1440e+00	
 5.0628e+00	
 5.1403e+00	
 5.3252e+00	
 5.0986e+00	
 5.1039e+00	
 4.9674e+00	
 4.9591e+00	
 4.9198e+00	
 4.8002e+00	
 5.1043e+00	
 4.5024e+00	
 4.6985e+00	
 4.7661e+00	
 4.4993e+00	
 4.6434e+00	
 4.8300e+00	
 5.0944e+00	
 4.9044e+00	
 4.7765e+00	
 4.7293e+00	
 4.4801e+00	
 4.7847e+00	
 4.6591e+00	
 4.4582e+00	
 4.6161e+00	
 4.6061e+00	
 4.6986e+00	
 4.6113e+00	
 4.6141e+00	
 4.7614e+00	
 4.5107e+00	
 4.4018e+00	
 4.4906e+00	
 4.5214e+00	
 4.2744e+00	
 4.2442e+00	
 4.3942e+00	
 4.4863e+00	
 4.4621e+00	
 4.2572e+00	
 4.2677e+00	
 4.4408e+00	
 4.6534e+00	
 4.5537e+00	
 4.3864e+00	
 4.1879e+00	
 4.3176e+00	
 4.4600e+00	
 4.5702e+00	
 4.3793e+00	
 4.5066e+00	
 4.3400e+00	
 4.5654e+00	
 4.3754e+00	
 4.2749e+00	
 4.7425e+00	
 4.1337e+00	
 4.2666e+00	
 4.1030e+00	
 4.1077e+00	
 4.2852e+00	
 4.4406e+00	
 4.4826e+00	
 4.4144e+00	
 4.4498e+00	
 4.2861e+00	
 4.3814e+00	
 4.1722e+00	
 4.2710e+00	
 4.1747e+00	
 4.2385e+00	
 4.3090e+00	
 4.4511e+00	
 4.1808e+00	
 4.2302e+00	
 4.4874e+00	
 4.4934e+00	
 4.0724e+00	
 4.1184e+00	
 4.2970e+00	
 4.1545e+00	
 3.8372e+00	
 4.1727e+00	
 4.2798e+00	
 4.2873e+00	
 4.1960e+00	
 4.0460e+00	
 4.0762e+00	
 4.1968e+00	
 4.3436e+00	
 4.1823e+00	
 4.0777e+00	
 4.1935e+00	
 4.3596e+00	
 4.2460e+00	
 4.1300e+00	
 4.1439e+00	
 3.9969e+00	
 4.2420e+00	
 4.0735e+00	
 4.2908e+00	
 4.3491e+00	
 3.9763e+00	
 4.2159e+00	
 4.1874e+00	
 3.8311e+00	
 4.0676e+00	
 4.2082e+00	
 4.2504e+00	
 4.1563e+00	
 4.1721e+00	
 4.2030e+00	
 4.0583e+00	
 3.9880e+00	
 4.0517e+00	
 4.0200e+00	
 3.9677e+00	
 3.9790e+00	
 4.3898e+00	
 4.1134e+00	
 4.0514e+00	
 4.3942e+00	
 4.1369e+00	
 3.8936e+00	
 4.0948e+00	
 4.0522e+00	
 4.0948e+00	
 3.5758e+00	
 4.0910e+00	
 4.1835e+00	
 4.0542e+00	
 3.8660e+00	
 4.1244e+00	
 3.9931e+00	
 4.0783e+00	
 4.1277e+00	
 4.0160e+00	
 3.8643e+00	
 3.9904e+00	
 4.1200e+00	
 4.2616e+00	
 3.8698e+00	
 4.0578e+00	
 4.0627e+00	
 4.0456e+00	
 4.0153e+00	
 4.1221e+00	
 4.3528e+00	
 3.8618e+00	
 4.0039e+00	
 3.8803e+00	
 3.8970e+00	
 4.0560e+00	
 4.1061e+00	
 4.1049e+00	
 4.1612e+00	
 4.1687e+00	
 3.9598e+00	
 3.9435e+00	
 3.9621e+00	
 3.9441e+00	
 4.0169e+00	
 3.9296e+00	
 3.8952e+00	
 4.1651e+00	
 3.9515e+00	
 4.0832e+00	
 4.2713e+00	
 4.1250e+00	
 3.9013e+00	
 3.9316e+00	
 3.8386e+00	
 3.8443e+00	
 3.4867e+00	
 3.9350e+00	
 3.9202e+00	
 3.9972e+00	
 4.0609e+00	
 4.0444e+00	
 3.9919e+00	
 4.2210e+00	
 4.0875e+00	
 4.0668e+00	
 3.8091e+00	
 3.8940e+00	
 4.0545e+00	
 4.2383e+00	
 3.9365e+00	
 3.9820e+00	
 3.8873e+00	
 3.9187e+00	
 3.8426e+00	
 3.8738e+00	
 4.0726e+00	
 3.8035e+00	
 3.7916e+00	
 3.8626e+00	
 3.6100e+00	
 3.8581e+00	
 3.9682e+00	
 4.0340e+00	
 4.0058e+00	
 4.0855e+00	
 4.2007e+00	
 3.8885e+00	
 4.0014e+00	
 3.8203e+00	
 3.8971e+00	
 3.9672e+00	
 3.7432e+00	
 4.1319e+00	
 3.9671e+00	
 3.8356e+00	
 4.0588e+00	
 4.1105e+00	
 3.5891e+00	
 3.9836e+00	
 3.8687e+00	
 3.6823e+00	
 3.5685e+00	
 3.8909e+00	
 3.9752e+00	
 3.9095e+00	
 3.7430e+00	
 3.7510e+00	
 3.9440e+00	
 4.0241e+00	
 4.0621e+00	
 3.8644e+00	
 3.6956e+00	
 3.8416e+00	
 4.1036e+00	
 3.9813e+00	
 3.7912e+00	
 3.8676e+00	
 3.7688e+00	
 3.9048e+00	
 3.5834e+00	
 3.9877e+00	
 4.0283e+00	
 3.6614e+00	
 3.6118e+00	
 3.6095e+00	
 3.7421e+00	
 3.6474e+00	
 3.9579e+00	
 3.8221e+00	
 4.2047e+00	
 3.9378e+00	
 3.8731e+00	
 3.7029e+00	
 4.0818e+00	
 3.7700e+00	
 3.8448e+00	
 3.7675e+00	
 3.8158e+00	
 4.0641e+00	
 3.8493e+00	
 4.0965e+00	
 4.0690e+00	
 3.9677e+00	
 3.6057e+00	
 3.8488e+00	
 3.6925e+00	
 3.6836e+00	
 3.5837e+00	
 3.9336e+00	
 3.8678e+00	
 3.8448e+00	
 3.7298e+00	
 3.6957e+00	
 3.8158e+00	
 3.9000e+00	
 3.9052e+00	
 3.8607e+00	
 3.4699e+00	
 3.9214e+00	
 3.9595e+00	
 4.1478e+00	
 3.8178e+00	
 3.6220e+00	
 3.8303e+00	
 3.8060e+00	
 3.7970e+00	
 3.8778e+00	
 4.0670e+00	
 3.8610e+00	
 3.7763e+00	
 3.8782e+00	
 3.6753e+00	
 3.9286e+00	
 3.8971e+00	
 3.9709e+00	
 3.8650e+00	
 3.9471e+00	
 3.7463e+00	
 3.6885e+00	
 3.8404e+00	
 3.7237e+00	
 3.7657e+00	
 3.6058e+00	
 3.7707e+00	
 4.0163e+00	
 3.4950e+00	
 4.0558e+00	
 3.9798e+00	
 3.8126e+00	
 3.4107e+00	
 3.7894e+00	
 3.7217e+00	
 3.6152e+00	
 3.5551e+00	
 3.9528e+00	
 3.7688e+00	
 3.6987e+00	
 3.7947e+00	
 3.7092e+00	
 3.6216e+00	
 4.0047e+00	
 3.7354e+00	
 3.7235e+00	
 3.4739e+00	
 3.8533e+00	
 3.8118e+00	
 4.1446e+00	
 3.7990e+00	
 3.5798e+00	
 3.8633e+00	
 3.5861e+00	
 3.5588e+00	
 3.8218e+00	
 3.9417e+00	
 3.5567e+00	
 3.4335e+00	
 3.6340e+00	
 3.6831e+00	
 3.7895e+00	
 3.7916e+00	
 3.9102e+00	
 3.7719e+00	
 3.8334e+00	
 3.4780e+00	
 3.5467e+00	
 3.5845e+00	
 3.6309e+00	
 3.8250e+00	
 3.4581e+00	
 3.7907e+00	
 3.7363e+00	
 3.6735e+00	
 3.9083e+00	
 3.8933e+00	
 3.5470e+00	
 3.4180e+00	
 3.7857e+00	
 3.5967e+00	
 3.4656e+00	
 3.5331e+00	
 3.9103e+00	
 3.6228e+00	
 3.5418e+00	
 3.5608e+00	
 3.6127e+00	
 3.5213e+00	
 3.8658e+00	
 3.7056e+00	
 3.6709e+00	
 3.6899e+00	
 3.8539e+00	
 3.6012e+00	
 3.9407e+00	
 3.7549e+00	
 3.6903e+00	
 3.7935e+00	
 3.4189e+00	
 3.6634e+00	
 3.8194e+00	
 3.7762e+00	
 3.5632e+00	
 3.5443e+00	
 3.4872e+00	
 3.5296e+00	
 3.5715e+00	
 3.6893e+00	
 3.8031e+00	
 3.7351e+00	
 3.6459e+00	
 3.6061e+00	
 3.6782e+00	
 3.7591e+00	
 3.7515e+00	
 3.6599e+00	
 3.4504e+00	
 3.6336e+00	
 3.8911e+00	
 3.6120e+00	
 3.7866e+00	
 3.9578e+00	
 3.3707e+00	
 3.3456e+00	
 3.7500e+00	
 3.5348e+00	
 3.4514e+00	
 3.5013e+00	
 3.8818e+00	
 3.7401e+00	
 3.6260e+00	
 3.5891e+00	
 3.4581e+00	
 3.5323e+00	
 3.8548e+00	
 3.5530e+00	
 3.4267e+00	
 3.6273e+00	
 3.6412e+00	
 3.6156e+00	
 3.8572e+00	
 3.7133e+00	
 3.6664e+00	
 3.8217e+00	
 3.6564e+00	
 3.5856e+00	
 3.9046e+00	
 3.6652e+00	
 3.4408e+00	
 3.5228e+00	
 3.6374e+00	
 3.5451e+00	
 3.5200e+00	
 3.8285e+00	
 3.7755e+00	
 3.8158e+00	
 3.6237e+00	
 3.6752e+00	
 3.6907e+00	
 3.4408e+00	
 3.7314e+00	
 3.3583e+00	
 3.7065e+00	
 3.6358e+00	
 3.7085e+00	
 3.6153e+00	
 3.6395e+00	
 3.8779e+00	
 3.3915e+00	
 3.3190e+00	
 3.7338e+00	
 3.5204e+00	
 3.4486e+00	
 3.3995e+00	
 3.8760e+00	
 3.6866e+00	
 3.4919e+00	
 3.3572e+00	
 3.5624e+00	
 3.6847e+00	
 3.8520e+00	
 3.5515e+00	
 3.4960e+00	
 3.5887e+00	
 3.5425e+00	
 3.7165e+00	
 4.0113e+00	
 3.5163e+00	
 3.4154e+00	
 3.6588e+00	
 3.3626e+00	
 3.5976e+00	
 3.8485e+00	
 3.5708e+00	
 3.5313e+00	
 3.3787e+00	
 3.4306e+00	
 3.4976e+00	
 3.5337e+00	
 3.5621e+00	
 3.5769e+00	
 3.6144e+00	
 3.7098e+00	
 3.4365e+00	
 3.6711e+00	
 3.4817e+00	
 3.5950e+00	
 3.3957e+00	
 3.6784e+00	
 3.5031e+00	
 3.6629e+00	
 3.5735e+00	
 3.7864e+00	
 3.7073e+00	
 3.4633e+00	
 3.4994e+00	
 3.3799e+00	
 3.2579e+00	
 3.6232e+00	
 3.4870e+00	
 3.5868e+00	
 3.6248e+00	
 3.2647e+00	
 3.2527e+00	
 3.5804e+00	
 3.6271e+00	
 3.8367e+00	
 3.7286e+00	
 3.4492e+00	
 3.5432e+00	
 3.4297e+00	
 3.7676e+00	
 3.8525e+00	
 3.6091e+00	
 3.3341e+00	
 3.6020e+00	
 3.4449e+00	
 3.5223e+00	
 3.6893e+00	
 3.4755e+00	
 3.5819e+00	
 3.4182e+00	
 3.4618e+00	
 3.6816e+00	
 3.5004e+00	
 3.7178e+00	
 3.4641e+00	
 3.5290e+00	
 3.4416e+00	
 3.4409e+00	
 3.4016e+00	
 3.6116e+00	
 3.3715e+00	
 3.5413e+00	
 3.5720e+00	
 3.5874e+00	
 3.5985e+00	
 3.5862e+00	
 3.5919e+00	
 3.3911e+00	
 3.4398e+00	
 3.3523e+00	
 3.3666e+00	
 3.3636e+00	
 3.4429e+00	
 3.4292e+00	
 3.6936e+00	
 3.6163e+00	
 3.2758e+00	
 3.3774e+00	
 3.5158e+00	
 3.3631e+00	
 3.6798e+00	
 3.5772e+00	
 3.3782e+00	
 3.5470e+00	
 3.4539e+00	
 3.6423e+00	
 3.7980e+00	
 3.4021e+00	
 3.3149e+00	
 3.4157e+00	
 3.4897e+00	
 3.5547e+00	
 3.7784e+00	
 3.4168e+00	
 3.5649e+00	
 3.5242e+00	
 3.2272e+00	
 3.6946e+00	
 3.2968e+00	
 3.7512e+00	
 3.5018e+00	
 3.6448e+00	
 3.3898e+00	
 3.3915e+00	
 3.2694e+00	
 3.4549e+00	
 3.5658e+00	
 3.3922e+00	
 3.1115e+00	
 3.5665e+00	
 3.5471e+00	
 3.3600e+00	
 3.6614e+00	
 3.5038e+00	
 3.4791e+00	
 3.4414e+00	
 3.3750e+00	
 3.1211e+00	
 3.2828e+00	
 3.6002e+00	
 3.6569e+00	
 3.4706e+00	
 3.4562e+00	
 3.2382e+00	
 3.5838e+00	
 3.4957e+00	
 3.6305e+00	
 3.5266e+00	
 3.2108e+00	
 3.3738e+00	
 3.5274e+00	
 3.4572e+00	
 3.7133e+00	
 3.4151e+00	
 3.3648e+00	
 3.3972e+00	
 3.3352e+00	
 3.4749e+00	
 3.5649e+00	
 3.3832e+00	
 3.3354e+00	
 3.3449e+00	
 3.3229e+00	
 3.5213e+00	
 3.2258e+00	
 3.6147e+00	
 3.5477e+00	
 3.4544e+00	
 3.4150e+00	
 3.3893e+00	
 3.1932e+00	
 3.3832e+00	
 3.4156e+00	
 3.2023e+00	
 3.2065e+00	
 3.4703e+00	
 3.6903e+00	
 3.6226e+00	
 3.6178e+00	
 3.5695e+00	
 3.2715e+00	
 3.1978e+00	
 3.6923e+00	
 3.1928e+00	
 3.2510e+00	
 3.4236e+00	
 3.5202e+00	
 3.4262e+00	
 3.1673e+00	
 3.1806e+00	
 3.2497e+00	
 3.3318e+00	
 3.5700e+00	
 3.4990e+00	
 3.2415e+00	
 3.4102e+00	
 3.3906e+00	
 3.5828e+00	
 3.5795e+00	
 3.3603e+00	
 3.3841e+00	
 3.3565e+00	
 3.4614e+00	
 3.4261e+00	
 3.7233e+00	
 3.1955e+00	
 3.1718e+00	
 3.4304e+00	
 3.2518e+00	
 3.5336e+00	
 3.1441e+00	
 3.6332e+00	
 3.4508e+00	
 3.5156e+00	
 3.4011e+00	
 3.2763e+00	
 3.2883e+00	
 3.4790e+00	
 3.4030e+00	
 3.1506e+00	
 3.3468e+00	
 3.3305e+00	
 3.4688e+00	
 3.3957e+00	
 3.5582e+00	
 3.4894e+00	
 3.1533e+00	
 3.3619e+00	
 3.3049e+00	
 3.5598e+00	
 3.1640e+00	
 3.3814e+00	
 3.5851e+00	
 3.6216e+00	
 3.2151e+00	
 3.1930e+00	
 3.2567e+00	
 3.2727e+00	
 3.5686e+00	
 3.3088e+00	
 3.2611e+00	
 3.4184e+00	
 3.4172e+00	
 3.5553e+00	
 3.6632e+00	
 3.2131e+00	
 3.3733e+00	
 3.3112e+00	
 3.3862e+00	
 3.3879e+00	
 3.7397e+00	
 3.2810e+00	
 3.2295e+00	
 3.3139e+00	
 3.0529e+00	
 3.3399e+00	
 3.2572e+00	
 3.5842e+00	
 3.3920e+00	
 3.5061e+00	
 3.4566e+00	
 3.3978e+00	
 3.3520e+00	
 3.2358e+00	
 3.3400e+00	
 3.2738e+00	
 3.6021e+00	
 3.5396e+00	
 3.5849e+00	
 3.5189e+00	
 3.4746e+00	
 3.5332e+00	
 3.1508e+00	
 3.2400e+00	
 3.2825e+00	
 3.2012e+00	
 3.1300e+00	
 3.5644e+00	
 3.3361e+00	
 3.4472e+00	
 3.1646e+00	
 3.0495e+00	
 3.4380e+00	
 3.4293e+00	
 3.5824e+00	
 3.5168e+00	
 3.1303e+00	
 3.3017e+00	
 3.4413e+00	
 3.6383e+00	
 3.4068e+00	
 3.2805e+00	
 3.0877e+00	
 3.2777e+00	
 3.4540e+00	
 3.2850e+00	
 3.7503e+00	
 3.1700e+00	
 3.3728e+00	
 3.2735e+00	
 3.0682e+00	
 3.3498e+00	
 3.2135e+00	
 3.3959e+00	
 3.4235e+00	
 3.5020e+00	
 3.2239e+00	
 3.2342e+00	
 3.4084e+00	
 3.1892e+00	
 3.1220e+00	
 3.2646e+00	
 3.2292e+00	
 3.4261e+00	
 3.4045e+00	
 3.4498e+00	
 3.5376e+00	
 3.4371e+00	
 3.0818e+00	
 3.3528e+00	
 3.2171e+00	
 3.2396e+00	
 2.9648e+00	
 3.2129e+00	
 3.2291e+00	
 3.4150e+00	
 3.0833e+00	
 3.1643e+00	
 3.1916e+00	
 3.5532e+00	
 3.3575e+00	
 3.1973e+00	
 3.1114e+00	
 3.3154e+00	
 3.4718e+00	
 3.4678e+00	
 3.4893e+00	
 3.3190e+00	
 3.1706e+00	
 3.4396e+00	
 3.2038e+00	
 3.2751e+00	
 3.6871e+00	
 2.9978e+00	
 3.2718e+00	
 3.1931e+00	
 3.0354e+00	
 3.3613e+00	
 3.1477e+00	
 3.5730e+00	
 3.4989e+00	
 3.3898e+00	
 3.4648e+00	
 3.3420e+00	
 3.3265e+00	
 3.3193e+00	
 3.2387e+00	
 3.0508e+00	
 2.9846e+00	
 3.4964e+00	
 3.4482e+00	
 3.4878e+00	
 3.4180e+00	
 3.4129e+00	
 3.0128e+00	
 3.3886e+00	
 3.3052e+00	
 3.1693e+00	
 3.0283e+00	
 3.4863e+00	
 3.3917e+00	
 3.1951e+00	
 3.3249e+00	
 3.1550e+00	
 3.1470e+00	
 3.3823e+00	
 3.3122e+00	
 3.2296e+00	
 3.2584e+00	
 3.3013e+00	
 3.4815e+00	
 3.5953e+00	
 3.3464e+00	
 3.3301e+00	
 3.2135e+00	
 3.2284e+00	
 3.2956e+00	
 3.3636e+00	
 3.4641e+00	
 3.0672e+00	
 3.1341e+00	
 3.1654e+00	
 2.8799e+00	
 3.1818e+00	
 3.4134e+00	
 3.6406e+00	
 3.3588e+00	
 3.4039e+00	
 3.2420e+00	
 3.2004e+00	
 3.2089e+00	
 3.3096e+00	
 3.3001e+00	
 3.3290e+00	
 3.4128e+00	
 3.3032e+00	
 3.4209e+00	
 3.6350e+00	
 3.4757e+00	
 3.1967e+00	
 3.0715e+00	
 3.3098e+00	
 3.0457e+00	
 3.1983e+00	
 2.8741e+00	
 3.5606e+00	
 3.2941e+00	
 3.2335e+00	
 3.0942e+00	
 3.2457e+00	
 3.2549e+00	
 3.4236e+00	
 3.2152e+00	
 3.2804e+00	
 3.2091e+00	
 3.2888e+00	
 3.3681e+00	
 3.4423e+00	
 3.3914e+00	
 3.2475e+00	
 3.3576e+00	
 3.1013e+00	
 3.3544e+00	
 3.3055e+00	
 3.4860e+00	
 2.9111e+00	
 3.1051e+00	
 3.1666e+00	
 3.0591e+00	
 3.2741e+00	
 3.2582e+00	
 3.6042e+00	
 3.3615e+00	
 3.3116e+00	
 3.1207e+00	
 3.1284e+00	
 3.0919e+00	
 3.2319e+00	
 3.4163e+00	
 3.0965e+00	
 3.2026e+00	
 3.3474e+00	
 3.3795e+00	
 3.3016e+00	
 3.5662e+00	
 3.3455e+00	
 3.1440e+00	
 3.1212e+00	
 3.1301e+00	
 3.2344e+00	
 2.7778e+00	
 3.5745e+00	
 3.4621e+00	
 3.0597e+00	
 3.2471e+00	
 3.1378e+00	
 3.1690e+00	
 3.4473e+00	
 3.3182e+00	
 3.3257e+00	
 3.0218e+00	
 3.1731e+00	
 3.2825e+00	
 3.6420e+00	
 3.1511e+00	
 3.1684e+00	
 3.2987e+00	
 2.9758e+00	
 3.4041e+00	
 3.1329e+00	
 3.3005e+00	
 3.1472e+00	
 3.0350e+00	
 3.1165e+00	
 3.0894e+00	
 3.1398e+00	
 3.5317e+00	
 3.3424e+00	
 3.3102e+00	
 3.2347e+00	
 3.2335e+00	
 3.1289e+00	
 3.0425e+00	
 3.0624e+00	
 3.3608e+00	
 2.9824e+00	
 3.2250e+00	
 3.4764e+00	
 3.3208e+00	
 3.5314e+00	
 3.4483e+00	
 3.1017e+00	
 2.8071e+00	
 3.0494e+00	
 3.2158e+00	
 3.1233e+00	
 2.8646e+00	
 3.2575e+00	
 3.3157e+00	
 3.0479e+00	
 3.1285e+00	
 2.9643e+00	
 3.2296e+00	
 3.2967e+00	
 3.3167e+00	
 3.2691e+00	
 3.0641e+00	
 3.2368e+00	
 3.3452e+00	
 3.4602e+00	
 2.9959e+00	
 3.0325e+00	
 2.9412e+00	
 3.1571e+00	
 3.1386e+00	
 3.2736e+00	
 3.5413e+00	
 3.1067e+00	
 3.1319e+00	
 3.1010e+00	
 2.9575e+00	
 3.1262e+00	
 3.1872e+00	
 3.2453e+00	
 3.3633e+00	
 3.1699e+00	
 3.1261e+00	
 3.2114e+00	
 2.9314e+00	
 3.2064e+00	
 3.1908e+00	
 3.0149e+00	
 2.9611e+00	
 3.5464e+00	
 3.2231e+00	
 3.4122e+00	
 3.4662e+00	
 3.1824e+00	
 2.8439e+00	
 3.1530e+00	
 3.1565e+00	
 3.1658e+00	
 2.7891e+00	
 3.3854e+00	
 3.3985e+00	
 3.1302e+00	
 3.1480e+00	
 3.1125e+00	
 3.0961e+00	
 3.3247e+00	
 3.2015e+00	
 3.2454e+00	
 2.9746e+00	
 3.1999e+00	
 3.3656e+00	
 3.4833e+00	
 3.1705e+00	
 3.0298e+00	
 3.3054e+00	
 2.9558e+00	
 3.3038e+00	
 3.2351e+00	
 3.4892e+00	
 2.9802e+00	
 3.1609e+00	
 3.1348e+00	
 2.9607e+00	
 3.1888e+00	
 3.3574e+00	
 3.1175e+00	
 3.1834e+00	
 3.1854e+00	
 3.1728e+00	
 3.2708e+00	
 3.1779e+00	
 3.0073e+00	
 3.0373e+00	
 3.1088e+00	
 2.9027e+00	
 3.6599e+00	
 3.0542e+00	
 3.3728e+00	
 3.1985e+00	
 3.0163e+00	
 2.7793e+00	
 3.0618e+00	
 3.1134e+00	
 3.0843e+00	
 3.1081e+00	
 3.1320e+00	
 3.3104e+00	
 3.0683e+00	
 3.0701e+00	
 3.2340e+00	
 3.2561e+00	
 3.2272e+00	
 3.3081e+00	
 3.1452e+00	
 3.0779e+00	
 3.1730e+00	
 3.1058e+00	
 3.5403e+00	
 3.1458e+00	
 3.1785e+00	
 3.2239e+00	
 2.8665e+00	
 2.9716e+00	
 3.2833e+00	
 3.3938e+00	
 2.9805e+00	
 2.9408e+00	
 3.0581e+00	
 3.0724e+00	
 3.1259e+00	
 3.1662e+00	
 3.3577e+00	
 3.2573e+00	
 3.2114e+00	
 3.1516e+00	
 3.2986e+00	
 2.9097e+00	
 3.2519e+00	
 3.0611e+00	
 2.8715e+00	
 3.1038e+00	
 3.4462e+00	
 3.0680e+00	
 3.3110e+00	
 3.4861e+00	
 3.1568e+00	
 2.6575e+00	
 3.2600e+00	
 2.9109e+00	
 3.0280e+00	
 2.9419e+00	
 3.3596e+00	
 3.2871e+00	
 3.1576e+00	
 3.0139e+00	
 2.9787e+00	
 3.0643e+00	
 3.1789e+00	
 3.3911e+00	
 3.0293e+00	
 3.1535e+00	
 3.2402e+00	
 3.1494e+00	
 3.6113e+00	
 3.0381e+00	
 3.1106e+00	
 3.1730e+00	
 2.9568e+00	
 2.9906e+00	
 3.3246e+00	
 3.1489e+00	
 3.0016e+00	
 2.6564e+00	
 2.9912e+00	
 3.1203e+00	
 2.9707e+00	
 3.2319e+00	
 3.3276e+00	
 3.2351e+00	
 3.2588e+00	
 3.0439e+00	
 3.0888e+00	
 3.0823e+00	
 3.1597e+00	
 3.1538e+00	
 2.9148e+00	
 3.0074e+00	
 3.3250e+00	
 3.2397e+00	
 3.4884e+00	
 3.2992e+00	
 2.9884e+00	
 2.7027e+00	
 3.1606e+00	
 2.9784e+00	
 2.9207e+00	
 2.8072e+00	
 3.2741e+00	
 3.1542e+00	
 3.0585e+00	
 2.8809e+00	
 3.0705e+00	
 2.9101e+00	
 3.3832e+00	
 3.2709e+00	
 3.0576e+00	
 3.0547e+00	
 3.2352e+00	
 3.2640e+00	
 3.4698e+00	
 3.2399e+00	
 2.8530e+00	
 3.0565e+00	
 2.9140e+00	
 3.1443e+00	
 3.2366e+00	
 3.1424e+00	
 2.9989e+00	
 3.1033e+00	
 2.9393e+00	
 2.9854e+00	
 3.0794e+00	
 3.2865e+00	
 3.1357e+00	
 3.1777e+00	
 3.1380e+00	
 2.9863e+00	
 2.9869e+00	
 3.0976e+00	
 3.1279e+00	
 3.0970e+00	
 2.9547e+00	
 3.0784e+00	
 3.1648e+00	
 3.2313e+00	
 3.4175e+00	
 3.2448e+00	
 2.9562e+00	
 2.6679e+00	
 3.1720e+00	
 2.8690e+00	
 2.9186e+00	
 2.9747e+00	
 3.0845e+00	
 3.1173e+00	
 2.9239e+00	
 2.9573e+00	
 2.9471e+00	
 3.0662e+00	
 3.3391e+00	
 3.2229e+00	
 2.9378e+00	
 3.1512e+00	
 3.1627e+00	
 3.1910e+00	
 3.5642e+00	
 3.0919e+00	
 3.0042e+00	
 3.0142e+00	
 2.9022e+00	
 3.1498e+00	
 3.1406e+00	
 3.1072e+00	
 2.9386e+00	
 2.8938e+00	
 2.9328e+00	
 2.9355e+00	
 3.0821e+00	
 3.1450e+00	
 3.2345e+00	
 3.2025e+00	
 3.1007e+00	
 3.0109e+00	
 3.1422e+00	
 3.2588e+00	
 3.1429e+00	
 2.9020e+00	
 2.8848e+00	
 3.2777e+00	
 3.3452e+00	
 3.1782e+00	
 3.2912e+00	
 2.9785e+00	
 3.1427e+00	
 2.7960e+00	
 3.0443e+00	
 2.9892e+00	
 3.0000e+00	
 2.9071e+00	
 3.2300e+00	
 3.2711e+00	
 2.8998e+00	
 3.0855e+00	
 3.0571e+00	
 2.8696e+00	
 3.3943e+00	
 3.1136e+00	
 2.9426e+00	
 3.0938e+00	
 3.0657e+00	
 3.2868e+00	
 3.4488e+00	
 3.1526e+00	
 3.0559e+00	
 3.2146e+00	
 3.1271e+00	
 3.0841e+00	
 3.1109e+00	
 3.1517e+00	
 2.7971e+00	
 2.9855e+00	
 2.9222e+00	
 3.2867e+00	
 2.9218e+00	
 3.3862e+00	
 3.2560e+00	
 3.3207e+00	
 3.0397e+00	
 2.8484e+00	
 3.0212e+00	
 2.8989e+00	
 2.8496e+00	
 2.7588e+00	
 2.9537e+00	
 3.1826e+00	
 3.1862e+00	
 3.3377e+00	
 3.2305e+00	
 3.1271e+00	
 2.8850e+00	
 2.9261e+00	
 3.1843e+00	
 2.7219e+00	
 2.9882e+00	
 3.0685e+00	
 3.4049e+00	
 2.9781e+00	
 2.7528e+00	
 2.8524e+00	
 2.9551e+00	
 2.9565e+00	
 3.1865e+00	
 3.1364e+00	
 3.0097e+00	
 3.1063e+00	
 2.9030e+00	
 3.1389e+00	
 3.4181e+00	
 2.8225e+00	
 2.9306e+00	
 2.9840e+00	
 3.0561e+00	
 3.0161e+00	
 3.1835e+00	
 3.0549e+00	
 2.8583e+00	
 2.9060e+00	
 2.7858e+00	
 3.1346e+00	
 2.7838e+00	
 3.2430e+00	
 3.1459e+00	
 3.0486e+00	
 3.0774e+00	
 2.6744e+00	
 2.9727e+00	
 2.9332e+00	
 3.1795e+00	
 2.7646e+00	
 3.0242e+00	
 3.1041e+00	
 3.3061e+00	
 3.1608e+00	
 3.1970e+00	
 3.0573e+00	
 2.9042e+00	
 2.7079e+00	
 2.9891e+00	
 2.8012e+00	
 2.9771e+00	
 3.0579e+00	
 3.1233e+00	
 2.9287e+00	
 3.1378e+00	
 2.9190e+00	
 3.0222e+00	
 2.8651e+00	
 3.2774e+00	
 3.0519e+00	
 2.9596e+00	
 2.9902e+00	
 3.0780e+00	
 3.2488e+00	
 3.2828e+00	
 3.0071e+00	
 3.0059e+00	
 2.9618e+00	
 2.9631e+00	
 3.1010e+00	
 3.3246e+00	
 2.9269e+00	
 2.9877e+00	
 2.7473e+00	
 2.7615e+00	
 3.2463e+00	
 2.9901e+00	
 3.1539e+00	
 3.1503e+00	
 3.1160e+00	
 2.7780e+00	
 3.0092e+00	
 2.7978e+00	
 2.8925e+00	
 3.1004e+00	
 2.8773e+00	
 2.8771e+00	
 3.2973e+00	
 3.2830e+00	
 3.2433e+00	
 3.2031e+00	
 3.2334e+00	
 2.9633e+00	
 2.8765e+00	
 3.0453e+00	
 2.7646e+00	
 2.8170e+00	
 3.0391e+00	
 3.1287e+00	
 3.0709e+00	
 2.9344e+00	
 2.9245e+00	
 2.8793e+00	
 2.9568e+00	
 3.1246e+00	
 3.3848e+00	
 2.9598e+00	
 2.8406e+00	
 3.0001e+00	
 3.2788e+00	
 3.2470e+00	
 2.8762e+00	
 2.8715e+00	
 2.8788e+00	
 3.0565e+00	
 2.8494e+00	
 3.2864e+00	
 2.9943e+00	
 3.0469e+00	
 3.1092e+00	
 2.7413e+00	
 2.8726e+00	
 2.8599e+00	
 3.4242e+00	
 2.9662e+00	
 3.2134e+00	
 2.9345e+00	
 2.8214e+00	
 3.0113e+00	
 2.9468e+00	
 3.0913e+00	
 2.6401e+00	
 3.1002e+00	
 3.0414e+00	
 3.1782e+00	
 3.1017e+00	
 3.1700e+00	
 3.3356e+00	
 2.8294e+00	
 2.8219e+00	
 2.8022e+00	
 2.7712e+00	
 2.7938e+00	
 3.1163e+00	
 2.9828e+00	
 3.0284e+00	
 2.7933e+00	
 2.7675e+00	
 2.8980e+00	
 2.8432e+00	
 3.0981e+00	
 2.9946e+00	
 3.0309e+00	
 3.0457e+00	
 3.0131e+00	
 3.3654e+00	
 3.1452e+00	
 2.9414e+00	
 2.9911e+00	
 2.9723e+00	
 2.9541e+00	
 3.0594e+00	
 3.1427e+00	
 2.9378e+00	
 2.8854e+00	
 2.9312e+00	
 2.6823e+00	
 3.1485e+00	
 2.9054e+00	
 3.3047e+00	
 3.1158e+00	
 3.0511e+00	
 3.0401e+00	
 2.9465e+00	
 3.0102e+00	
 2.8996e+00	
 2.8493e+00	
 2.6715e+00	
 2.9324e+00	
 3.0027e+00	
 3.2888e+00	
 2.9425e+00	
 3.2339e+00	
 3.1097e+00	
 2.6418e+00	
 2.8842e+00	
 2.8871e+00	
 2.6728e+00	
 2.6373e+00	
 3.0454e+00	
 3.0047e+00	
 2.9601e+00	
 2.8045e+00	
 2.5907e+00	
 2.8767e+00	
 2.9642e+00	
 3.2529e+00	
 3.0067e+00	
 2.8486e+00	
 2.8959e+00	
 3.1321e+00	
 3.1704e+00	
 3.0769e+00	
 2.9693e+00	
 2.9575e+00	
 2.8942e+00	
 3.0049e+00	
 2.8675e+00	
 2.9355e+00	
 2.7968e+00	
 2.8142e+00	
 2.8481e+00	
 2.7907e+00	
 3.0292e+00	
 2.9871e+00	
 3.2781e+00	
 2.9750e+00	
 3.1134e+00	
 3.0293e+00	
 2.8316e+00	
 3.0825e+00	
 2.8880e+00	
 2.9513e+00	
 2.9133e+00	
 2.9552e+00	
 3.0655e+00	
 2.9814e+00	
 3.0761e+00	
 3.1544e+00	
 3.1060e+00	
 2.6392e+00	
 2.7260e+00	
 2.8100e+00	
 2.8743e+00	
 2.5389e+00	
 3.0927e+00	
 3.0542e+00	
 3.2051e+00	
 2.8028e+00	
 2.7124e+00	
 3.0496e+00	
 3.1180e+00	
 3.1739e+00	
 3.0628e+00	
 2.8900e+00	
 2.9373e+00	
 3.1399e+00	
 3.0963e+00	
 3.1912e+00	
 2.9582e+00	
 2.8186e+00	
 2.9246e+00	
 3.0412e+00	
 2.8585e+00	
 3.1973e+00	
 2.8270e+00	
 2.9069e+00	
 2.9327e+00	
 2.6804e+00	
 2.8589e+00	
 2.9339e+00	
 3.1880e+00	
 3.0726e+00	
 3.0424e+00	
 2.8175e+00	
 2.8456e+00	
 2.9906e+00	
 2.7811e+00	
 3.0074e+00	
 2.9101e+00	
 2.8050e+00	
 3.1801e+00	
 3.0066e+00	
 2.9932e+00	
 3.2922e+00	
 3.0327e+00	
 2.6541e+00	
 3.0863e+00	
 2.7971e+00	
 2.6690e+00	
 2.7478e+00	
 3.2437e+00	
 3.1001e+00	
 2.9610e+00	
 2.8266e+00	
 2.7540e+00	
 2.6732e+00	
 2.9222e+00	
 3.1002e+00	
 3.1969e+00	
 2.6646e+00	
 2.9322e+00	
 3.1609e+00	
 3.0734e+00	
 3.1296e+00	
 3.1537e+00	
 2.7962e+00	
 2.9047e+00	
 2.9776e+00	
 2.6740e+00	
 3.2182e+00	
 2.6475e+00	
 2.9066e+00	
 2.9471e+00	
 2.8631e+00	
 2.8248e+00	
 2.8585e+00	
 3.2258e+00	
 2.8694e+00	
 2.9376e+00	
 2.8430e+00	
 2.7426e+00	
 2.8834e+00	
 2.7656e+00	
 2.7592e+00	
 2.8458e+00	
 2.7083e+00	
 3.1974e+00	
 2.9676e+00	
 3.1502e+00	
 3.1933e+00	
 2.8873e+00	
 2.6216e+00	
 3.0047e+00	
 2.6915e+00	
 2.8250e+00	
 2.7209e+00	
 3.0029e+00	
 3.0485e+00	
 2.9567e+00	
 2.8783e+00	
 2.7847e+00	
 2.7348e+00	
 2.9064e+00	
 2.9808e+00	
 2.9783e+00	
 2.8885e+00	
 2.8399e+00	
 3.0853e+00	
 3.1150e+00	
 2.9375e+00	
 2.8366e+00	
 2.8330e+00	
 2.7699e+00	
 2.9594e+00	
 2.9883e+00	
 3.2723e+00	
 2.8328e+00	
 2.7987e+00	
 2.7376e+00	
 2.7692e+00	
 2.9001e+00	
 2.9367e+00	
 2.9196e+00	
 3.0232e+00	
 2.7754e+00	
 2.9139e+00	
 2.9151e+00	
 2.7091e+00	
 2.8084e+00	
 2.8361e+00	
 2.6541e+00	
 2.7422e+00	
 3.1277e+00	
 3.0444e+00	
 3.1457e+00	
 3.3281e+00	
 2.8471e+00	
 2.6716e+00	
 2.8724e+00	
 2.7273e+00	
 2.8754e+00	
 2.7263e+00	
 3.1977e+00	
 3.0056e+00	
 2.8202e+00	
 2.7906e+00	
 2.7469e+00	
 2.8105e+00	
 2.9551e+00	
 2.8667e+00	
 2.9457e+00	
 2.7496e+00	
 2.9464e+00	
 3.0625e+00	
 3.2051e+00	
 3.0523e+00	
 2.8106e+00	
 2.8094e+00	
 2.6741e+00	
 2.8943e+00	
 2.9715e+00	
 3.1080e+00	
 2.8579e+00	
 2.7608e+00	
 2.8384e+00	
 2.6766e+00	
 2.7170e+00	
 3.1799e+00	
 3.0534e+00	
 2.8250e+00	
 2.8861e+00	
 2.8643e+00	
 2.8060e+00	
 2.8449e+00	
 3.0419e+00	
 2.8222e+00	
 2.7469e+00	
 2.8961e+00	
 3.2154e+00	
 3.0380e+00	
 3.1404e+00	
 3.1133e+00	
 2.8770e+00	
 2.5757e+00	
 2.7858e+00	
 2.8927e+00	
 2.8356e+00	
 2.6085e+00	
 3.0674e+00	
 2.9629e+00	
 2.8199e+00	
 2.8540e+00	
 2.7610e+00	
 2.7020e+00	
 2.9771e+00	
 3.1235e+00	
 3.0769e+00	
 2.8480e+00	
 2.9825e+00	
 2.9630e+00	
 3.1835e+00	
 2.9168e+00	
 3.1818e+00	
 2.7636e+00	
 2.7494e+00	
 2.8995e+00	
 2.8377e+00	
 3.1949e+00	
 2.6645e+00	
 2.6960e+00	
 2.9143e+00	
 2.7466e+00	
 2.7977e+00	
 3.0171e+00	
 2.8129e+00	
 2.8942e+00	
 2.9581e+00	
 2.9225e+00	
 2.8337e+00	
 2.7865e+00	
 2.6912e+00	
 2.6903e+00	
 2.8199e+00	
 2.8258e+00	
 3.0434e+00	
 2.7303e+00	
 3.1381e+00	
 3.0369e+00	
 2.8737e+00	
 2.4661e+00	
 2.8875e+00	
 2.8612e+00	
 2.8311e+00	
 2.5861e+00	
 3.1119e+00	
 2.8737e+00	
 2.6378e+00	
 2.9288e+00	
 2.7652e+00	
 2.7501e+00	
 2.9061e+00	
 2.8565e+00	
 2.9258e+00	
 2.6169e+00	
 2.9330e+00	
 2.9465e+00	
 3.1973e+00	
 2.9183e+00	
 2.9005e+00	
 2.7847e+00	
 2.8278e+00	
 2.8497e+00	
 2.7767e+00	
 3.1683e+00	
 2.5439e+00	
 2.6629e+00	
 2.7873e+00	
 2.7216e+00	
 2.9573e+00	
 3.0993e+00	
 2.8956e+00	
 2.8880e+00	
 2.9098e+00	
 2.8144e+00	
 2.9016e+00	
 3.0034e+00	
 2.7174e+00	
 3.0032e+00	
 2.6410e+00	
 2.9443e+00	
 3.0172e+00	
 2.9353e+00	
 3.2127e+00	
 3.1290e+00	
 2.7311e+00	
 2.6349e+00	
 2.9339e+00	
 2.8119e+00	
 2.9893e+00	
 2.6970e+00	
 2.8575e+00	
 2.9520e+00	
 2.7129e+00	
 2.7845e+00	
 2.9789e+00	
 2.7424e+00	
 3.0688e+00	
 3.0608e+00	
 2.8594e+00	
 2.8105e+00	
 2.8633e+00	
 2.8714e+00	
 3.3598e+00	
 2.8616e+00	
 2.7190e+00	
 2.9910e+00	
 2.6751e+00	
 2.9319e+00	
 3.0757e+00	
 3.0658e+00	
 2.4163e+00	
 2.6656e+00	
 2.8060e+00	
 2.8204e+00	
 2.8569e+00	
 3.0145e+00	
 2.9143e+00	
 2.7755e+00	
 2.9226e+00	
 2.8079e+00	
 2.7201e+00	
 2.7793e+00	
 2.8471e+00	
 2.8083e+00	
 2.5916e+00	
 2.7871e+00	
 2.9157e+00	
 2.8900e+00	
 3.1557e+00	
 3.2486e+00	
 2.8193e+00	
 2.4941e+00	
 2.9226e+00	
 2.6023e+00	
 2.5928e+00	
 2.7449e+00	
 3.0236e+00	
 2.9080e+00	
 2.7794e+00	
 2.8065e+00	
 2.8444e+00	
 2.6731e+00	
 3.0272e+00	
 2.7567e+00	
 2.8126e+00	
 2.7165e+00	
 2.8184e+00	
 2.9076e+00	
 3.1798e+00	
 2.8176e+00	
 2.5560e+00	
 2.8560e+00	
 2.7431e+00	
 2.8291e+00	
 2.9066e+00	
 3.0694e+00	
 2.8559e+00	
 2.5949e+00	
 2.6379e+00	
 2.8089e+00	
 2.7678e+00	
 2.8356e+00	
 2.8330e+00	
 2.7535e+00	
 2.9167e+00	
 2.8397e+00	
 2.5797e+00	
 2.7797e+00	
 2.8016e+00	
 2.8841e+00	
 2.4671e+00	
 2.7285e+00	
 3.1413e+00	
 2.8443e+00	
 3.1279e+00	
 3.0978e+00	
 2.7279e+00	
 2.5251e+00	
 2.8870e+00	
 2.8279e+00	
 2.6057e+00	
 2.6888e+00	
 3.1994e+00	
 3.0572e+00	
 2.6790e+00	
 2.7131e+00	
 2.7141e+00	
 2.5971e+00	
 2.7611e+00	
 3.0024e+00	
 2.7973e+00	
 2.9429e+00	
 3.0266e+00	
 3.0090e+00	
 3.2066e+00	
 3.0874e+00	
 2.6143e+00	
 2.9336e+00	
 2.6815e+00	
 2.7344e+00	
 2.9547e+00	
 2.9902e+00	
 2.6259e+00	
 2.7302e+00	
 2.6776e+00	
 2.6792e+00	
 2.6807e+00	
 2.9064e+00	
 2.6940e+00	
 2.9637e+00	
 2.8411e+00	
 2.6274e+00	
 2.7920e+00	
 2.6912e+00	
 2.8107e+00	
 2.7056e+00	
 2.7097e+00	
 2.9071e+00	
 2.9247e+00	
 2.9704e+00	
 3.1282e+00	
 3.0239e+00	
 2.7709e+00	
 2.5457e+00	
 2.7185e+00	
 2.8437e+00	
 2.7897e+00	
 2.5694e+00	
 2.9319e+00	
 2.8432e+00	
 2.7578e+00	
 2.6111e+00	
 2.6476e+00	
 2.7689e+00	
 2.9936e+00	
 2.9631e+00	
 2.7677e+00	
 2.8723e+00	
 2.8341e+00	
 2.7734e+00	
 3.2159e+00	
 2.8259e+00	
 2.6417e+00	
 2.5809e+00	
 2.7737e+00	
 2.8693e+00	
 3.0292e+00	
 3.0303e+00	
 2.6563e+00	
 2.8236e+00	
 2.8697e+00	
 2.8151e+00	
 2.8205e+00	
 2.7936e+00	
 2.8813e+00	
 2.9105e+00	
 2.8346e+00	
 2.6040e+00	
 2.9195e+00	
 2.7693e+00	
 2.9463e+00	
 2.7051e+00	
 2.4842e+00	
 2.7504e+00	
 3.1004e+00	
 2.9766e+00	
 2.9707e+00	
 2.9369e+00	
 2.7331e+00	
 2.4389e+00	
 2.6992e+00	
 2.5886e+00	
 2.6041e+00	
 2.6906e+00	
 2.8196e+00	
 2.9068e+00	
 2.5318e+00	
 2.7320e+00	
 2.8471e+00	
 2.6265e+00	
 2.9820e+00	
 2.8923e+00	
 2.8660e+00	
 2.7315e+00	
 2.7655e+00	
 2.9412e+00	
 3.1319e+00	
 2.7303e+00	
 2.6591e+00	
 2.9637e+00	
 2.8187e+00	
 2.8288e+00	
 2.9576e+00	
 2.7736e+00	
 2.5065e+00	
 2.6572e+00	
 2.6435e+00	
 2.8728e+00	
 2.5940e+00	
 2.9316e+00	
 2.9208e+00	
 2.8702e+00	
 2.7320e+00	
 2.5661e+00	
 2.6228e+00	
 2.8717e+00	
 2.6408e+00	
 2.5249e+00	
 2.5286e+00	
 2.8489e+00	
 2.7450e+00	
 2.8401e+00	
 3.0440e+00	
 2.6916e+00	
 2.5449e+00	
 2.4530e+00	
 2.7051e+00	
 2.8098e+00	
 2.6915e+00	
 2.5989e+00	
 2.9764e+00	
 2.9685e+00	
 2.6608e+00	
 2.4626e+00	
 2.7684e+00	
 2.5959e+00	
 3.2143e+00	
 2.8441e+00	
 2.8199e+00	
 2.8787e+00	
 2.7850e+00	
 2.9276e+00	
 3.1894e+00	
 2.7784e+00	
 2.8201e+00	
 2.6051e+00	
 2.6046e+00	
 2.7750e+00	
 2.9259e+00	
 2.6039e+00	
 2.5741e+00	
 2.7029e+00	
 2.7374e+00	
 2.9514e+00	
 2.6287e+00	
 2.8086e+00	
 2.9724e+00	
 2.9989e+00	
 2.7542e+00	
 2.6293e+00	
 2.8306e+00	
 2.7672e+00	
 2.8586e+00	
 2.4899e+00	
 2.7177e+00	
 2.8314e+00	
 3.0892e+00	
 2.7708e+00	
 2.9495e+00	
 2.8519e+00	
 2.6984e+00	
 2.6246e+00	
 2.7355e+00	
 2.7252e+00	
 2.6504e+00	
 2.8292e+00	
 2.9993e+00	
 2.8919e+00	
 2.6906e+00	
 2.5317e+00	
 2.8734e+00	
 2.6797e+00	
 2.9897e+00	
 2.6862e+00	
 2.8262e+00	
 2.6824e+00	
 2.7581e+00	
 2.9279e+00	
 3.1339e+00	
 2.7897e+00	
 2.7548e+00	
 2.7522e+00	
 2.7762e+00	
 2.7983e+00	
 2.8533e+00	
 2.5626e+00	
 2.4945e+00	
